<?xml version="1.0" encoding="UTF-8"?>
<!-- Generated by org.testng.reporters.JUnitReportReporter -->
<testsuite hostname="SriniRepala" failures="0" tests="3" name="APITests.Get_Requests" time="7.218" errors="0" timestamp="2024-04-16T12:03:11 SAST" skipped="0">
  <testcase classname="APITests.Get_Requests" name="getFifthMovieandChecktheProducers" time="3.702"/>
  <system-out/>
  <testcase classname="APITests.Get_Requests" name="getListOfMoviesandCount" time="2.341"/>
  <system-out/>
  <testcase classname="APITests.Get_Requests" name="getThirdMovieandChecktheDirector" time="1.175"/>
  <system-out/>
</testsuite> <!-- APITests.Get_Requests -->
